This is pdfTeX, Version 3.1415926-2.4-1.40.13 (MiKTeX 2.9) (preloaded format=pdflatex 2013.8.23)  30 MAY 2016 16:35
entering extended mode
**CourseworkPresentation.tex

(C:\Users\Artur_Nizamutdinov\Documents\Diploma\Coursework\example\CourseworkPre
sentation.tex
LaTeX2e <2011/06/27>
Babel <v3.8m> and hyphenation patterns for english, afrikaans, ancientgreek, ar
abic, armenian, assamese, basque, bengali, bokmal, bulgarian, catalan, coptic, 
croatian, czech, danish, dutch, esperanto, estonian, farsi, finnish, french, ga
lician, german, german-x-2012-05-30, greek, gujarati, hindi, hungarian, iceland
ic, indonesian, interlingua, irish, italian, kannada, kurmanji, latin, latvian,
 lithuanian, malayalam, marathi, mongolian, mongolianlmc, monogreek, ngerman, n
german-x-2012-05-30, nynorsk, oriya, panjabi, pinyin, polish, portuguese, roman
ian, russian, sanskrit, serbian, slovak, slovenian, spanish, swedish, swissgerm
an, tamil, telugu, turkish, turkmen, ukenglish, ukrainian, uppersorbian, usengl
ishmax, welsh, loaded.
(C:\PortableTEX\MiKTeX\tex\latex\beamer\base\beamer.cls
(C:\PortableTEX\MiKTeX\tex\latex\beamer\base\beamerbasercs.sty
Package: beamerbasercs 2013/01/04 (rcs-revision 9a97a4eee358)
)
Document Class: beamer 2013/01/04 3.26 A class for typesetting presentations (r
cs-revision e81e0c94bcc6)
(C:\PortableTEX\MiKTeX\tex\latex\beamer\base\beamerbasemodes.sty
Package: beamerbasemodes 2012/04/15 (rcs-revision cc6557182d97)
\beamer@tempbox=\box26
\beamer@tempcount=\count79
\c@beamerpauses=\count80

(C:\PortableTEX\MiKTeX\tex\latex\beamer\base\beamerbasedecode.sty
Package: beamerbasedecode 2010/05/01 (rcs-revision efa082c6111d)
\beamer@slideinframe=\count81
\beamer@minimum=\count82
)
\beamer@commentbox=\box27
\beamer@modecount=\count83
)
(C:\PortableTEX\MiKTeX\tex\generic\oberdiek\ifpdf.sty
Package: ifpdf 2011/01/30 v2.3 Provides the ifpdf switch (HO)
Package ifpdf Info: pdfTeX in PDF mode is detected.
)
\headheight=\dimen102
\headdp=\dimen103
\footheight=\dimen104
\sidebarheight=\dimen105
\beamer@tempdim=\dimen106
\beamer@finalheight=\dimen107
\beamer@animht=\dimen108
\beamer@animdp=\dimen109
\beamer@animwd=\dimen110
\beamer@leftmargin=\dimen111
\beamer@rightmargin=\dimen112
\beamer@leftsidebar=\dimen113
\beamer@rightsidebar=\dimen114
\beamer@boxsize=\dimen115
\beamer@vboxoffset=\dimen116
\beamer@descdefault=\dimen117
\beamer@descriptionwidth=\dimen118
\beamer@lastskip=\skip41
\beamer@areabox=\box28
\beamer@animcurrent=\box29
\beamer@animshowbox=\box30
\beamer@sectionbox=\box31
\beamer@logobox=\box32
\beamer@linebox=\box33
\beamer@sectioncount=\count84
\beamer@subsubsectionmax=\count85
\beamer@subsectionmax=\count86
\beamer@sectionmax=\count87
\beamer@totalheads=\count88
\beamer@headcounter=\count89
\beamer@partstartpage=\count90
\beamer@sectionstartpage=\count91
\beamer@subsectionstartpage=\count92
\beamer@animationtempa=\count93
\beamer@animationtempb=\count94
\beamer@xpos=\count95
\beamer@ypos=\count96
\beamer@showpartnumber=\count97
\beamer@currentsubsection=\count98
\beamer@coveringdepth=\count99
\beamer@sectionadjust=\count100
\beamer@tocsectionnumber=\count101

(C:\PortableTEX\MiKTeX\tex\latex\beamer\base\beamerbaseoptions.sty
Package: beamerbaseoptions 2010/04/27 (rcs-revision 982469101dd6)

(C:\PortableTEX\MiKTeX\tex\latex\graphics\keyval.sty
Package: keyval 1999/03/16 v1.13 key=value parser (DPC)
\KV@toks@=\toks14
))
\beamer@paperwidth=\skip42
\beamer@paperheight=\skip43

(C:\PortableTEX\MiKTeX\tex\latex\geometry\geometry.sty
Package: geometry 2010/09/12 v5.6 Page Geometry

(C:\PortableTEX\MiKTeX\tex\generic\oberdiek\ifvtex.sty
Package: ifvtex 2010/03/01 v1.5 Detect VTeX and its facilities (HO)
Package ifvtex Info: VTeX not detected.
)
(C:\PortableTEX\MiKTeX\tex\generic\ifxetex\ifxetex.sty
Package: ifxetex 2010/09/12 v0.6 Provides ifxetex conditional
)
\Gm@cnth=\count102
\Gm@cntv=\count103
\c@Gm@tempcnt=\count104
\Gm@bindingoffset=\dimen119
\Gm@wd@mp=\dimen120
\Gm@odd@mp=\dimen121
\Gm@even@mp=\dimen122
\Gm@layoutwidth=\dimen123
\Gm@layoutheight=\dimen124
\Gm@layouthoffset=\dimen125
\Gm@layoutvoffset=\dimen126
\Gm@dimlist=\toks15

(C:\PortableTEX\MiKTeX\tex\latex\geometry\geometry.cfg))
(C:\PortableTEX\MiKTeX\tex\latex\base\size11.clo
File: size11.clo 2007/10/19 v1.4h Standard LaTeX file (size option)
)
(C:\PortableTEX\MiKTeX\tex\latex\pgf\basiclayer\pgfcore.sty
(C:\PortableTEX\MiKTeX\tex\latex\graphics\graphicx.sty
Package: graphicx 1999/02/16 v1.0f Enhanced LaTeX Graphics (DPC,SPQR)

(C:\PortableTEX\MiKTeX\tex\latex\graphics\graphics.sty
Package: graphics 2009/02/05 v1.0o Standard LaTeX Graphics (DPC,SPQR)

(C:\PortableTEX\MiKTeX\tex\latex\graphics\trig.sty
Package: trig 1999/03/16 v1.09 sin cos tan (DPC)
)
(C:\PortableTEX\MiKTeX\tex\latex\00miktex\graphics.cfg
File: graphics.cfg 2007/01/18 v1.5 graphics configuration of teTeX/TeXLive
)
Package graphics Info: Driver file: pdftex.def on input line 91.

(C:\PortableTEX\MiKTeX\tex\latex\pdftex-def\pdftex.def
File: pdftex.def 2011/05/27 v0.06d Graphics/color for pdfTeX

(C:\PortableTEX\MiKTeX\tex\generic\oberdiek\infwarerr.sty
Package: infwarerr 2010/04/08 v1.3 Providing info/warning/error messages (HO)
)
(C:\PortableTEX\MiKTeX\tex\generic\oberdiek\ltxcmds.sty
Package: ltxcmds 2011/11/09 v1.22 LaTeX kernel commands for general use (HO)
)
\Gread@gobject=\count105
))
\Gin@req@height=\dimen127
\Gin@req@width=\dimen128
)
(C:\PortableTEX\MiKTeX\tex\latex\pgf\systemlayer\pgfsys.sty
(C:\PortableTEX\MiKTeX\tex\latex\pgf\utilities\pgfrcs.sty
(C:\PortableTEX\MiKTeX\tex\generic\pgf\utilities\pgfutil-common.tex
\pgfutil@everybye=\toks16
)
(C:\PortableTEX\MiKTeX\tex\generic\pgf\utilities\pgfutil-latex.def
\pgfutil@abb=\box34

(C:\PortableTEX\MiKTeX\tex\latex\ms\everyshi.sty
Package: everyshi 2001/05/15 v3.00 EveryShipout Package (MS)
))
(C:\PortableTEX\MiKTeX\tex\generic\pgf\utilities\pgfrcs.code.tex
Package: pgfrcs 2010/10/25 v2.10 (rcs-revision 1.24)
))
(C:\PortableTEX\MiKTeX\tex\generic\pgf\systemlayer\pgfsys.code.tex
Package: pgfsys 2010/06/30 v2.10 (rcs-revision 1.37)

(C:\PortableTEX\MiKTeX\tex\generic\pgf\utilities\pgfkeys.code.tex
\pgfkeys@pathtoks=\toks17
\pgfkeys@temptoks=\toks18

(C:\PortableTEX\MiKTeX\tex\generic\pgf\utilities\pgfkeysfiltered.code.tex
\pgfkeys@tmptoks=\toks19
))
\pgf@x=\dimen129
\pgf@y=\dimen130
\pgf@xa=\dimen131
\pgf@ya=\dimen132
\pgf@xb=\dimen133
\pgf@yb=\dimen134
\pgf@xc=\dimen135
\pgf@yc=\dimen136
\w@pgf@writea=\write3
\r@pgf@reada=\read1
\c@pgf@counta=\count106
\c@pgf@countb=\count107
\c@pgf@countc=\count108
\c@pgf@countd=\count109

(C:\PortableTEX\MiKTeX\tex\generic\pgf\systemlayer\pgf.cfg
File: pgf.cfg 2008/05/14  (rcs-revision 1.7)
)
Package pgfsys Info: Driver file for pgf: pgfsys-pdftex.def on input line 900.

(C:\PortableTEX\MiKTeX\tex\generic\pgf\systemlayer\pgfsys-pdftex.def
File: pgfsys-pdftex.def 2009/05/22  (rcs-revision 1.26)

(C:\PortableTEX\MiKTeX\tex\generic\pgf\systemlayer\pgfsys-common-pdf.def
File: pgfsys-common-pdf.def 2008/05/19  (rcs-revision 1.10)
)))
(C:\PortableTEX\MiKTeX\tex\generic\pgf\systemlayer\pgfsyssoftpath.code.tex
File: pgfsyssoftpath.code.tex 2008/07/18  (rcs-revision 1.7)
\pgfsyssoftpath@smallbuffer@items=\count110
\pgfsyssoftpath@bigbuffer@items=\count111
)
(C:\PortableTEX\MiKTeX\tex\generic\pgf\systemlayer\pgfsysprotocol.code.tex
File: pgfsysprotocol.code.tex 2006/10/16  (rcs-revision 1.4)
))
(C:\PortableTEX\MiKTeX\tex\latex\xcolor\xcolor.sty
Package: xcolor 2007/01/21 v2.11 LaTeX color extensions (UK)

(C:\PortableTEX\MiKTeX\tex\latex\00miktex\color.cfg
File: color.cfg 2007/01/18 v1.5 color configuration of teTeX/TeXLive
)
Package xcolor Info: Driver file: pdftex.def on input line 225.
Package xcolor Info: Model `cmy' substituted by `cmy0' on input line 1337.
Package xcolor Info: Model `hsb' substituted by `rgb' on input line 1341.
Package xcolor Info: Model `RGB' extended on input line 1353.
Package xcolor Info: Model `HTML' substituted by `rgb' on input line 1355.
Package xcolor Info: Model `Hsb' substituted by `hsb' on input line 1356.
Package xcolor Info: Model `tHsb' substituted by `hsb' on input line 1357.
Package xcolor Info: Model `HSB' substituted by `hsb' on input line 1358.
Package xcolor Info: Model `Gray' substituted by `gray' on input line 1359.
Package xcolor Info: Model `wave' substituted by `hsb' on input line 1360.
)
(C:\PortableTEX\MiKTeX\tex\generic\pgf\basiclayer\pgfcore.code.tex
Package: pgfcore 2010/04/11 v2.10 (rcs-revision 1.7)

(C:\PortableTEX\MiKTeX\tex\generic\pgf\math\pgfmath.code.tex
(C:\PortableTEX\MiKTeX\tex\generic\pgf\math\pgfmathcalc.code.tex
(C:\PortableTEX\MiKTeX\tex\generic\pgf\math\pgfmathutil.code.tex)
(C:\PortableTEX\MiKTeX\tex\generic\pgf\math\pgfmathparser.code.tex
\pgfmath@dimen=\dimen137
\pgfmath@count=\count112
\pgfmath@box=\box35
\pgfmath@toks=\toks20
\pgfmath@stack@operand=\toks21
\pgfmath@stack@operation=\toks22
)
(C:\PortableTEX\MiKTeX\tex\generic\pgf\math\pgfmathfunctions.code.tex
(C:\PortableTEX\MiKTeX\tex\generic\pgf\math\pgfmathfunctions.basic.code.tex)
(C:\PortableTEX\MiKTeX\tex\generic\pgf\math\pgfmathfunctions.trigonometric.code
.tex)
(C:\PortableTEX\MiKTeX\tex\generic\pgf\math\pgfmathfunctions.random.code.tex)
(C:\PortableTEX\MiKTeX\tex\generic\pgf\math\pgfmathfunctions.comparison.code.te
x) (C:\PortableTEX\MiKTeX\tex\generic\pgf\math\pgfmathfunctions.base.code.tex)
(C:\PortableTEX\MiKTeX\tex\generic\pgf\math\pgfmathfunctions.round.code.tex)
(C:\PortableTEX\MiKTeX\tex\generic\pgf\math\pgfmathfunctions.misc.code.tex)))
(C:\PortableTEX\MiKTeX\tex\generic\pgf\math\pgfmathfloat.code.tex
\c@pgfmathroundto@lastzeros=\count113
))
(C:\PortableTEX\MiKTeX\tex\generic\pgf\basiclayer\pgfcorepoints.code.tex
File: pgfcorepoints.code.tex 2010/04/09  (rcs-revision 1.20)
\pgf@picminx=\dimen138
\pgf@picmaxx=\dimen139
\pgf@picminy=\dimen140
\pgf@picmaxy=\dimen141
\pgf@pathminx=\dimen142
\pgf@pathmaxx=\dimen143
\pgf@pathminy=\dimen144
\pgf@pathmaxy=\dimen145
\pgf@xx=\dimen146
\pgf@xy=\dimen147
\pgf@yx=\dimen148
\pgf@yy=\dimen149
\pgf@zx=\dimen150
\pgf@zy=\dimen151
)
(C:\PortableTEX\MiKTeX\tex\generic\pgf\basiclayer\pgfcorepathconstruct.code.tex
File: pgfcorepathconstruct.code.tex 2010/08/03  (rcs-revision 1.24)
\pgf@path@lastx=\dimen152
\pgf@path@lasty=\dimen153
) (C:\PortableTEX\MiKTeX\tex\generic\pgf\basiclayer\pgfcorepathusage.code.tex
File: pgfcorepathusage.code.tex 2008/04/22  (rcs-revision 1.12)
\pgf@shorten@end@additional=\dimen154
\pgf@shorten@start@additional=\dimen155
)
(C:\PortableTEX\MiKTeX\tex\generic\pgf\basiclayer\pgfcorescopes.code.tex
File: pgfcorescopes.code.tex 2010/09/08  (rcs-revision 1.34)
\pgfpic=\box36
\pgf@hbox=\box37
\pgf@layerbox@main=\box38
\pgf@picture@serial@count=\count114
)
(C:\PortableTEX\MiKTeX\tex\generic\pgf\basiclayer\pgfcoregraphicstate.code.tex
File: pgfcoregraphicstate.code.tex 2008/04/22  (rcs-revision 1.9)
\pgflinewidth=\dimen156
)
(C:\PortableTEX\MiKTeX\tex\generic\pgf\basiclayer\pgfcoretransformations.code.t
ex
File: pgfcoretransformations.code.tex 2009/06/10  (rcs-revision 1.11)
\pgf@pt@x=\dimen157
\pgf@pt@y=\dimen158
\pgf@pt@temp=\dimen159
) (C:\PortableTEX\MiKTeX\tex\generic\pgf\basiclayer\pgfcorequick.code.tex
File: pgfcorequick.code.tex 2008/10/09  (rcs-revision 1.3)
)
(C:\PortableTEX\MiKTeX\tex\generic\pgf\basiclayer\pgfcoreobjects.code.tex
File: pgfcoreobjects.code.tex 2006/10/11  (rcs-revision 1.2)
)
(C:\PortableTEX\MiKTeX\tex\generic\pgf\basiclayer\pgfcorepathprocessing.code.te
x
File: pgfcorepathprocessing.code.tex 2008/10/09  (rcs-revision 1.8)
) (C:\PortableTEX\MiKTeX\tex\generic\pgf\basiclayer\pgfcorearrows.code.tex
File: pgfcorearrows.code.tex 2008/04/23  (rcs-revision 1.11)
)
(C:\PortableTEX\MiKTeX\tex\generic\pgf\basiclayer\pgfcoreshade.code.tex
File: pgfcoreshade.code.tex 2008/11/23  (rcs-revision 1.13)
\pgf@max=\dimen160
\pgf@sys@shading@range@num=\count115
)
(C:\PortableTEX\MiKTeX\tex\generic\pgf\basiclayer\pgfcoreimage.code.tex
File: pgfcoreimage.code.tex 2010/03/25  (rcs-revision 1.16)

(C:\PortableTEX\MiKTeX\tex\generic\pgf\basiclayer\pgfcoreexternal.code.tex
File: pgfcoreexternal.code.tex 2010/09/01  (rcs-revision 1.17)
\pgfexternal@startupbox=\box39
))
(C:\PortableTEX\MiKTeX\tex\generic\pgf\basiclayer\pgfcorelayers.code.tex
File: pgfcorelayers.code.tex 2010/08/27  (rcs-revision 1.2)
)
(C:\PortableTEX\MiKTeX\tex\generic\pgf\basiclayer\pgfcoretransparency.code.tex
File: pgfcoretransparency.code.tex 2008/01/17  (rcs-revision 1.2)
) (C:\PortableTEX\MiKTeX\tex\generic\pgf\basiclayer\pgfcorepatterns.code.tex
File: pgfcorepatterns.code.tex 2009/07/02  (rcs-revision 1.3)
)))
(C:\PortableTEX\MiKTeX\tex\latex\pgf\utilities\xxcolor.sty
Package: xxcolor 2003/10/24 ver 0.1
\XC@nummixins=\count116
\XC@countmixins=\count117
)
(C:\PortableTEX\MiKTeX\tex\latex\hyperref\hyperref.sty
Package: hyperref 2012/11/06 v6.83m Hypertext links for LaTeX

(C:\PortableTEX\MiKTeX\tex\generic\oberdiek\hobsub-hyperref.sty
Package: hobsub-hyperref 2012/04/25 v1.12 Bundle oberdiek, subset hyperref (HO)


(C:\PortableTEX\MiKTeX\tex\generic\oberdiek\hobsub-generic.sty
Package: hobsub-generic 2012/04/25 v1.12 Bundle oberdiek, subset generic (HO)
Package: hobsub 2012/04/25 v1.12 Construct package bundles (HO)
Package hobsub Info: Skipping package `infwarerr' (already loaded).
Package hobsub Info: Skipping package `ltxcmds' (already loaded).
Package: ifluatex 2010/03/01 v1.3 Provides the ifluatex switch (HO)
Package ifluatex Info: LuaTeX not detected.
Package hobsub Info: Skipping package `ifvtex' (already loaded).
Package: intcalc 2007/09/27 v1.1 Expandable calculations with integers (HO)
Package hobsub Info: Skipping package `ifpdf' (already loaded).
Package: etexcmds 2011/02/16 v1.5 Avoid name clashes with e-TeX commands (HO)
Package etexcmds Info: Could not find \expanded.
(etexcmds)             That can mean that you are not using pdfTeX 1.50 or
(etexcmds)             that some package has redefined \expanded.
(etexcmds)             In the latter case, load this package earlier.
Package: kvsetkeys 2012/04/25 v1.16 Key value parser (HO)
Package: kvdefinekeys 2011/04/07 v1.3 Define keys (HO)
Package: pdftexcmds 2011/11/29 v0.20 Utility functions of pdfTeX for LuaTeX (HO
)
Package pdftexcmds Info: LuaTeX not detected.
Package pdftexcmds Info: \pdf@primitive is available.
Package pdftexcmds Info: \pdf@ifprimitive is available.
Package pdftexcmds Info: \pdfdraftmode found.
Package: pdfescape 2011/11/25 v1.13 Implements pdfTeX's escape features (HO)
Package: bigintcalc 2012/04/08 v1.3 Expandable calculations on big integers (HO
)
Package: bitset 2011/01/30 v1.1 Handle bit-vector datatype (HO)
Package: uniquecounter 2011/01/30 v1.2 Provide unlimited unique counter (HO)
)
Package hobsub Info: Skipping package `hobsub' (already loaded).
Package: letltxmacro 2010/09/02 v1.4 Let assignment for LaTeX macros (HO)
Package: hopatch 2011/06/24 v1.1 Wrapper for package hooks (HO)
Package: xcolor-patch 2011/01/30 xcolor patch
Package: atveryend 2011/06/30 v1.8 Hooks at the very end of document (HO)
Package atveryend Info: \enddocument detected (standard20110627).
Package: atbegshi 2011/10/05 v1.16 At begin shipout hook (HO)
Package: refcount 2011/10/16 v3.4 Data extraction from label references (HO)
Package: hycolor 2011/01/30 v1.7 Color options for hyperref/bookmark (HO)
)
(C:\PortableTEX\MiKTeX\tex\latex\oberdiek\auxhook.sty
Package: auxhook 2011/03/04 v1.3 Hooks for auxiliary files (HO)
)
(C:\PortableTEX\MiKTeX\tex\latex\oberdiek\kvoptions.sty
Package: kvoptions 2011/06/30 v3.11 Key value format for package options (HO)
)
\@linkdim=\dimen161
\Hy@linkcounter=\count118
\Hy@pagecounter=\count119

(C:\PortableTEX\MiKTeX\tex\latex\hyperref\pd1enc.def
File: pd1enc.def 2012/11/06 v6.83m Hyperref: PDFDocEncoding definition (HO)
)
\Hy@SavedSpaceFactor=\count120

(C:\PortableTEX\MiKTeX\tex\latex\00miktex\hyperref.cfg
File: hyperref.cfg 2002/06/06 v1.2 hyperref configuration of TeXLive
)
Package hyperref Info: Option `unicode' set `true' on input line 4319.

(C:\PortableTEX\MiKTeX\tex\latex\hyperref\puenc.def
File: puenc.def 2012/11/06 v6.83m Hyperref: PDF Unicode definition (HO)
)
Package hyperref Info: Option `bookmarks' set `true' on input line 4319.
Package hyperref Info: Option `bookmarksopen' set `true' on input line 4319.
Package hyperref Info: Option `implicit' set `false' on input line 4319.
Package hyperref Info: Hyper figures OFF on input line 4443.
Package hyperref Info: Link nesting OFF on input line 4448.
Package hyperref Info: Hyper index ON on input line 4451.
Package hyperref Info: Plain pages OFF on input line 4458.
Package hyperref Info: Backreferencing OFF on input line 4463.
Package hyperref Info: Implicit mode OFF; no redefinition of LaTeX internals.
Package hyperref Info: Bookmarks ON on input line 4688.
\c@Hy@tempcnt=\count121

(C:\PortableTEX\MiKTeX\tex\latex\ltxmisc\url.sty
\Urlmuskip=\muskip10
Package: url 2006/04/12  ver 3.3  Verb mode for urls, etc.
)
LaTeX Info: Redefining \url on input line 5041.
\XeTeXLinkMargin=\dimen162
\Fld@menulength=\count122
\Field@Width=\dimen163
\Fld@charsize=\dimen164
Package hyperref Info: Hyper figures OFF on input line 6295.
Package hyperref Info: Link nesting OFF on input line 6300.
Package hyperref Info: Hyper index ON on input line 6303.
Package hyperref Info: backreferencing OFF on input line 6310.
Package hyperref Info: Link coloring OFF on input line 6315.
Package hyperref Info: Link coloring with OCG OFF on input line 6320.
Package hyperref Info: PDF/A mode OFF on input line 6325.
LaTeX Info: Redefining \ref on input line 6365.
LaTeX Info: Redefining \pageref on input line 6369.
\Hy@abspage=\count123


Package hyperref Message: Stopped early.

)

Package hyperref Message: Driver (autodetected): hpdftex.

(C:\PortableTEX\MiKTeX\tex\latex\hyperref\hpdftex.def
File: hpdftex.def 2012/11/06 v6.83m Hyperref driver for pdfTeX
\Fld@listcount=\count124
\c@bookmark@seq@number=\count125

(C:\PortableTEX\MiKTeX\tex\latex\oberdiek\rerunfilecheck.sty
Package: rerunfilecheck 2011/04/15 v1.7 Rerun checks for auxiliary files (HO)
Package uniquecounter Info: New unique counter `rerunfilecheck' on input line 2
82.
))
(C:\PortableTEX\MiKTeX\tex\latex\beamer\base\beamerbaserequires.sty
Package: beamerbaserequires 2010/05/01  (rcs-revision efa082c6111d)

(C:\PortableTEX\MiKTeX\tex\latex\beamer\base\beamerbasecompatibility.sty
Package: beamerbasecompatibility 2012/05/01  (rcs-revision 67c48b3b652d)
)
(C:\PortableTEX\MiKTeX\tex\latex\beamer\base\beamerbasefont.sty
Package: beamerbasefont 2012/09/19  (rcs-revision 733629cd0c6c)

(C:\PortableTEX\MiKTeX\tex\latex\amsfonts\amssymb.sty
Package: amssymb 2009/06/22 v3.00

(C:\PortableTEX\MiKTeX\tex\latex\amsfonts\amsfonts.sty
Package: amsfonts 2009/06/22 v3.00 Basic AMSFonts support
\@emptytoks=\toks23
\symAMSa=\mathgroup4
\symAMSb=\mathgroup5
LaTeX Font Info:    Overwriting math alphabet `\mathfrak' in version `bold'
(Font)                  U/euf/m/n --> U/euf/b/n on input line 96.
)))
(C:\PortableTEX\MiKTeX\tex\latex\beamer\base\beamerbasetranslator.sty
Package: beamerbasetranslator 2010/06/11  (rcs-revision 85fd1cc7fc42)

(C:\PortableTEX\MiKTeX\tex\latex\beamer\base\translator\translator.sty
Package: translator 2010/06/12 ver 1.10

(C:\PortableTEX\MiKTeX\tex\latex\beamer\base\translator\translator-language-map
pings.tex))) (C:\PortableTEX\MiKTeX\tex\latex\beamer\base\beamerbasemisc.sty
Package: beamerbasemisc 2012/02/24  (rcs-revision 2ff5461be705)
)
(C:\PortableTEX\MiKTeX\tex\latex\beamer\base\beamerbasetwoscreens.sty
Package: beamerbasetwoscreens 2010/05/01  (rcs-revision efa082c6111d)
)
(C:\PortableTEX\MiKTeX\tex\latex\beamer\base\beamerbaseoverlay.sty
Package: beamerbaseoverlay 2012/11/11  (rcs-revision 6afbc49b1109)
\beamer@argscount=\count126
\beamer@lastskipcover=\skip44
\beamer@trivlistdepth=\count127
)
(C:\PortableTEX\MiKTeX\tex\latex\beamer\base\beamerbasetitle.sty
Package: beamerbasetitle 2010/09/21  (rcs-revision f0446ed0b6ae)
)
(C:\PortableTEX\MiKTeX\tex\latex\beamer\base\beamerbasesection.sty
Package: beamerbasesection 2013/01/04  (rcs-revision 54309ceef997)
\c@lecture=\count128
\c@part=\count129
\c@section=\count130
\c@subsection=\count131
\c@subsubsection=\count132
)
(C:\PortableTEX\MiKTeX\tex\latex\beamer\base\beamerbaseframe.sty
Package: beamerbaseframe 2012/12/26  (rcs-revision 1443917db2cf)
\beamer@framebox=\box40
\beamer@frametitlebox=\box41
\beamer@zoombox=\box42
\beamer@zoomcount=\count133
\beamer@zoomframecount=\count134
\beamer@frametextheight=\dimen165
\c@subsectionslide=\count135
\beamer@frametopskip=\skip45
\beamer@framebottomskip=\skip46
\beamer@frametopskipautobreak=\skip47
\beamer@framebottomskipautobreak=\skip48
\beamer@envbody=\toks24
\framewidth=\dimen166
\c@framenumber=\count136
)
(C:\PortableTEX\MiKTeX\tex\latex\beamer\base\beamerbaseverbatim.sty
Package: beamerbaseverbatim 2012/08/30  (rcs-revision dfdb135076b3)
\beamer@verbatimfileout=\write4
)
(C:\PortableTEX\MiKTeX\tex\latex\beamer\base\beamerbaseframesize.sty
Package: beamerbaseframesize 2011/09/12  (rcs-revision 70f9d8411e54)
\beamer@splitbox=\box43
\beamer@autobreakcount=\count137
\beamer@autobreaklastheight=\dimen167
\beamer@frametitletoks=\toks25
\beamer@framesubtitletoks=\toks26
)
(C:\PortableTEX\MiKTeX\tex\latex\beamer\base\beamerbaseframecomponents.sty
Package: beamerbaseframecomponents 2012/09/13  (rcs-revision dcd846607320)
\beamer@footins=\box44
)
(C:\PortableTEX\MiKTeX\tex\latex\beamer\base\beamerbasecolor.sty
Package: beamerbasecolor 2010/06/06  (rcs-revision d1a9b48be06d)
)
(C:\PortableTEX\MiKTeX\tex\latex\beamer\base\beamerbasenotes.sty
Package: beamerbasenotes 2012/12/19  (rcs-revision 1686da3db3c9)
\beamer@frameboxcopy=\box45
)
(C:\PortableTEX\MiKTeX\tex\latex\beamer\base\beamerbasetoc.sty
Package: beamerbasetoc 2012/10/02  (rcs-revision 5ed0f4010e8a)
)
(C:\PortableTEX\MiKTeX\tex\latex\beamer\base\beamerbasetemplates.sty
Package: beamerbasetemplates 2010/05/01  (rcs-revision efa082c6111d)
\beamer@sbttoks=\toks27

(C:\PortableTEX\MiKTeX\tex\latex\beamer\base\beamerbaseauxtemplates.sty
Package: beamerbaseauxtemplates 2012/05/01  (rcs-revision 67c48b3b652d)

(C:\PortableTEX\MiKTeX\tex\latex\beamer\base\beamerbaseboxes.sty
Package: beamerbaseboxes 2012/05/13  (rcs-revision 56972908a390)
\bmb@box=\box46
\bmb@colorbox=\box47
\bmb@boxshadow=\box48
\bmb@boxshadowball=\box49
\bmb@boxshadowballlarge=\box50
\bmb@temp=\dimen168
\bmb@dima=\dimen169
\bmb@dimb=\dimen170
\bmb@prevheight=\dimen171
)
\beamer@blockheadheight=\dimen172
))
(C:\PortableTEX\MiKTeX\tex\latex\beamer\base\beamerbaselocalstructure.sty
Package: beamerbaselocalstructure 2012/11/13  (rcs-revision ddfba79dac19)

(C:\PortableTEX\MiKTeX\tex\latex\tools\enumerate.sty
Package: enumerate 1999/03/05 v3.00 enumerate extensions (DPC)
\@enLab=\toks28
)
\c@figure=\count138
\c@table=\count139
\abovecaptionskip=\skip49
\belowcaptionskip=\skip50
)
(C:\PortableTEX\MiKTeX\tex\latex\beamer\base\beamerbasenavigation.sty
Package: beamerbasenavigation 2012/04/03  (rcs-revision 42a0f21a412d)
\beamer@section@min@dim=\dimen173
)
(C:\PortableTEX\MiKTeX\tex\latex\beamer\base\beamerbasetheorems.sty
Package: beamerbasetheorems 2010/06/06  (rcs-revision 7e7cc5e53e9d)

(C:\PortableTEX\MiKTeX\tex\latex\ams\math\amsmath.sty
Package: amsmath 2000/07/18 v2.13 AMS math features
\@mathmargin=\skip51

For additional information on amsmath, use the `?' option.
(C:\PortableTEX\MiKTeX\tex\latex\ams\math\amstext.sty
Package: amstext 2000/06/29 v2.01

(C:\PortableTEX\MiKTeX\tex\latex\ams\math\amsgen.sty
File: amsgen.sty 1999/11/30 v2.0
\@emptytoks=\toks29
\ex@=\dimen174
))
(C:\PortableTEX\MiKTeX\tex\latex\ams\math\amsbsy.sty
Package: amsbsy 1999/11/29 v1.2d
\pmbraise@=\dimen175
)
(C:\PortableTEX\MiKTeX\tex\latex\ams\math\amsopn.sty
Package: amsopn 1999/12/14 v2.01 operator names
)
\inf@bad=\count140
LaTeX Info: Redefining \frac on input line 211.
\uproot@=\count141
\leftroot@=\count142
LaTeX Info: Redefining \overline on input line 307.
\classnum@=\count143
\DOTSCASE@=\count144
LaTeX Info: Redefining \ldots on input line 379.
LaTeX Info: Redefining \dots on input line 382.
LaTeX Info: Redefining \cdots on input line 467.
\Mathstrutbox@=\box51
\strutbox@=\box52
\big@size=\dimen176
LaTeX Font Info:    Redeclaring font encoding OML on input line 567.
LaTeX Font Info:    Redeclaring font encoding OMS on input line 568.
\macc@depth=\count145
\c@MaxMatrixCols=\count146
\dotsspace@=\muskip11
\c@parentequation=\count147
\dspbrk@lvl=\count148
\tag@help=\toks30
\row@=\count149
\column@=\count150
\maxfields@=\count151
\andhelp@=\toks31
\eqnshift@=\dimen177
\alignsep@=\dimen178
\tagshift@=\dimen179
\tagwidth@=\dimen180
\totwidth@=\dimen181
\lineht@=\dimen182
\@envbody=\toks32
\multlinegap=\skip52
\multlinetaggap=\skip53
\mathdisplay@stack=\toks33
LaTeX Info: Redefining \[ on input line 2666.
LaTeX Info: Redefining \] on input line 2667.
)
(C:\PortableTEX\MiKTeX\tex\latex\ams\classes\amsthm.sty
Package: amsthm 2004/08/06 v2.20
\thm@style=\toks34
\thm@bodyfont=\toks35
\thm@headfont=\toks36
\thm@notefont=\toks37
\thm@headpunct=\toks38
\thm@preskip=\skip54
\thm@postskip=\skip55
\thm@headsep=\skip56
\dth@everypar=\toks39
)
\c@theorem=\count152
)
(C:\PortableTEX\MiKTeX\tex\latex\beamer\base\beamerbasethemes.sty
Package: beamerbasethemes 2010/05/01  (rcs-revision efa082c6111d)
))
(C:\PortableTEX\MiKTeX\tex\latex\beamer\base\themes\theme\beamerthemedefault.st
y
Package: beamerthemedefault 2010/06/17  (rcs-revision d02a7cf4d8ae)

(C:\PortableTEX\MiKTeX\tex\latex\beamer\base\themes\font\beamerfontthemedefault
.sty
Package: beamerfontthemedefault 2012/12/19  (rcs-revision 1686da3db3c9)
)
(C:\PortableTEX\MiKTeX\tex\latex\beamer\base\themes\color\beamercolorthemedefau
lt.sty
Package: beamercolorthemedefault 2012/12/19  (rcs-revision 1686da3db3c9)
)
(C:\PortableTEX\MiKTeX\tex\latex\beamer\base\themes\inner\beamerinnerthemedefau
lt.sty
Package: beamerinnerthemedefault 2012/05/01  (rcs-revision 67c48b3b652d)
\beamer@dima=\dimen183
\beamer@dimb=\dimen184
)
(C:\PortableTEX\MiKTeX\tex\latex\beamer\base\themes\outer\beamerouterthemedefau
lt.sty
Package: beamerouterthemedefault 2012/12/19  (rcs-revision 1686da3db3c9)
))) (C:\PortableTEX\MiKTeX\tex\latex\base\fontenc.sty
Package: fontenc 2005/09/27 v1.99g Standard LaTeX package

(C:\PortableTEX\MiKTeX\tex\latex\cyrillic\t2aenc.def
File: t2aenc.def 2005/09/27 v1.0i Cyrillic encoding definition file
)
LaTeX Font Info:    Try loading font information for T2A+cmss on input line 100
.

(C:\PortableTEX\MiKTeX\tex\latex\cyrillic\t2acmss.fd
File: t2acmss.fd 2001/08/11 v1.0a Computer Modern Cyrillic font definitions
))
(C:\PortableTEX\MiKTeX\tex\latex\base\inputenc.sty
Package: inputenc 2008/03/30 v1.1d Input encoding file
\inpenc@prehook=\toks40
\inpenc@posthook=\toks41

(C:\PortableTEX\MiKTeX\tex\latex\cyrillic\cp1251.def
File: cp1251.def 1999/11/16 v1.0d Input encoding file
))
(C:\PortableTEX\MiKTeX\tex\generic\babel\babel.sty
Package: babel 2008/07/08 v3.8m The Babel package

*************************************
* Local config file bblopts.cfg used
*
(C:\PortableTEX\MiKTeX\tex\latex\00miktex\bblopts.cfg
File: bblopts.cfg 2006/07/31 v1.0 MiKTeX 'babel' configuration
)
(C:\PortableTEX\MiKTeX\tex\generic\babel\english.ldf
Language: english 2005/03/30 v3.3o English support from the babel system

(C:\PortableTEX\MiKTeX\tex\generic\babel\babel.def
File: babel.def 2008/07/08 v3.8m Babel common definitions
LaTeX Info: Redefining \textlatin on input line 82.
\babel@savecnt=\count153
\U@D=\dimen185
)
\l@canadian = a dialect from \language\l@american 
\l@australian = a dialect from \language\l@british 
\l@newzealand = a dialect from \language\l@british 
)
(C:\PortableTEX\MiKTeX\tex\generic\babel\russianb.ldf
Language: russianb 2008/03/21 v1.1r Russian support from the babel system
Package babel Info: Making " an active character on input line 199.
))
(C:\PortableTEX\MiKTeX\tex\latex\beamer\base\themes\theme\beamerthemeWarsaw.sty
Package: beamerthemeWarsaw 2010/06/17  (rcs-revision d02a7cf4d8ae)

(C:\PortableTEX\MiKTeX\tex\latex\beamer\base\themes\inner\beamerinnerthemeround
ed.sty
Package: beamerinnerthemerounded 2010/06/17  (rcs-revision d02a7cf4d8ae)
)
(C:\PortableTEX\MiKTeX\tex\latex\beamer\base\themes\outer\beamerouterthemeshado
w.sty
Package: beamerouterthemeshadow 2010/06/17  (rcs-revision d02a7cf4d8ae)

(C:\PortableTEX\MiKTeX\tex\latex\beamer\base\themes\outer\beamerouterthemesplit
.sty
Package: beamerouterthemesplit 2012/10/16  (rcs-revision 51a8c72084af)
))
(C:\PortableTEX\MiKTeX\tex\latex\beamer\base\themes\color\beamercolorthemeorchi
d.sty
Package: beamercolorthemeorchid 2010/06/17  (rcs-revision d02a7cf4d8ae)
)
(C:\PortableTEX\MiKTeX\tex\latex\beamer\base\themes\color\beamercolorthemewhale
.sty
Package: beamercolorthemewhale 2010/06/17  (rcs-revision d02a7cf4d8ae)
))
(C:\PortableTEX\MiKTeX\tex\latex\beamer\base\themes\font\beamerfontthemestructu
rebold.sty
Package: beamerfontthemestructurebold 2010/06/17  (rcs-revision d02a7cf4d8ae)
)
(C:\PortableTEX\MiKTeX\tex\latex\beamer\base\themes\font\beamerfontthemeserif.s
ty
Package: beamerfontthemeserif 2010/06/17  (rcs-revision d02a7cf4d8ae)
)
(C:\PortableTEX\MiKTeX\tex\latex\beamer\base\themes\theme\compatibility\beamert
hemesplit.sty
Package: beamerthemesplit 2010/06/17  (rcs-revision d02a7cf4d8ae)
) (C:\PortableTEX\MiKTeX\tex\latex\dstroke\dsfont.sty
Package: dsfont 1995/08/01 v0.1 Double stroke roman fonts
)
(C:\PortableTEX\MiKTeX\tex\latex\pgfplots\pgfplots.sty
(C:\PortableTEX\MiKTeX\tex\generic\pgfplots\pgfplots.revision.tex)
Package: pgfplots 2013/03/17 v1.8 Data Visualization (1.8-3-gaf58a29)

(C:\PortableTEX\MiKTeX\tex\latex\pgf\frontendlayer\tikz.sty
(C:\PortableTEX\MiKTeX\tex\latex\pgf\basiclayer\pgf.sty
Package: pgf 2008/01/15 v2.10 (rcs-revision 1.12)

(C:\PortableTEX\MiKTeX\tex\generic\pgf\modules\pgfmoduleshapes.code.tex
File: pgfmoduleshapes.code.tex 2010/09/09  (rcs-revision 1.13)
\pgfnodeparttextbox=\box53
)
(C:\PortableTEX\MiKTeX\tex\generic\pgf\modules\pgfmoduleplot.code.tex
File: pgfmoduleplot.code.tex 2010/10/22  (rcs-revision 1.8)
)
(C:\PortableTEX\MiKTeX\tex\latex\pgf\compatibility\pgfcomp-version-0-65.sty
Package: pgfcomp-version-0-65 2007/07/03 v2.10 (rcs-revision 1.7)
\pgf@nodesepstart=\dimen186
\pgf@nodesepend=\dimen187
)
(C:\PortableTEX\MiKTeX\tex\latex\pgf\compatibility\pgfcomp-version-1-18.sty
Package: pgfcomp-version-1-18 2007/07/23 v2.10 (rcs-revision 1.1)
))
(C:\PortableTEX\MiKTeX\tex\latex\pgf\utilities\pgffor.sty
(C:\PortableTEX\MiKTeX\tex\latex\pgf\utilities\pgfkeys.sty
(C:\PortableTEX\MiKTeX\tex\generic\pgf\utilities\pgfkeys.code.tex))
(C:\PortableTEX\MiKTeX\tex\generic\pgf\utilities\pgffor.code.tex
Package: pgffor 2010/03/23 v2.10 (rcs-revision 1.18)
\pgffor@iter=\dimen188
\pgffor@skip=\dimen189
\pgffor@stack=\toks42
\pgffor@toks=\toks43
))
(C:\PortableTEX\MiKTeX\tex\generic\pgf\frontendlayer\tikz\tikz.code.tex
Package: tikz 2010/10/13 v2.10 (rcs-revision 1.76)

(C:\PortableTEX\MiKTeX\tex\generic\pgf\libraries\pgflibraryplothandlers.code.te
x
File: pgflibraryplothandlers.code.tex 2010/05/31 v2.10 (rcs-revision 1.15)
\pgf@plot@mark@count=\count154
\pgfplotmarksize=\dimen190
)
\tikz@lastx=\dimen191
\tikz@lasty=\dimen192
\tikz@lastxsaved=\dimen193
\tikz@lastysaved=\dimen194
\tikzleveldistance=\dimen195
\tikzsiblingdistance=\dimen196
\tikz@figbox=\box54
\tikz@tempbox=\box55
\tikztreelevel=\count155
\tikznumberofchildren=\count156
\tikznumberofcurrentchild=\count157
\tikz@fig@count=\count158
 (C:\PortableTEX\MiKTeX\tex\generic\pgf\modules\pgfmodulematrix.code.tex
File: pgfmodulematrix.code.tex 2010/08/24  (rcs-revision 1.4)
\pgfmatrixcurrentrow=\count159
\pgfmatrixcurrentcolumn=\count160
\pgf@matrix@numberofcolumns=\count161
)
\tikz@expandcount=\count162

(C:\PortableTEX\MiKTeX\tex\generic\pgf\frontendlayer\tikz\libraries\tikzlibrary
topaths.code.tex
File: tikzlibrarytopaths.code.tex 2008/06/17 v2.10 (rcs-revision 1.2)
)))
(C:\PortableTEX\MiKTeX\tex\generic\pgfplots\pgfplots.code.tex
(C:\PortableTEX\MiKTeX\tex\generic\pgfplots\pgfplotscore.code.tex
\t@pgfplots@toka=\toks44
\t@pgfplots@tokb=\toks45
\t@pgfplots@tokc=\toks46
\pgfplots@tmpa=\dimen197
\c@pgfplots@coordindex=\count163
\c@pgfplots@scanlineindex=\count164

(C:\PortableTEX\MiKTeX\tex\generic\pgfplots\sys\pgfplotssysgeneric.code.tex))
(C:\PortableTEX\MiKTeX\tex\generic\pgfplots\libs\pgfplotslibrary.code.tex)
(C:\PortableTEX\MiKTeX\tex\generic\pgfplots\oldpgfcompatib\pgfplotsoldpgfsupp_l
oader.code.tex
Package pgfplots: loading complementary code for your PGF version...

(C:\PortableTEX\MiKTeX\tex\generic\pgfplots\oldpgfcompatib\pgfplotsoldpgfsupp_m
isc.code.tex)
(C:\PortableTEX\MiKTeX\tex\generic\pgfplots\oldpgfcompatib\pgfplotsoldpgfsupp_p
gfkeys.code.tex
\pgfkeys@pathtoks=\toks47
\pgfkeys@temptoks=\toks48

(C:\PortableTEX\MiKTeX\tex\generic\pgfplots\oldpgfcompatib\pgfplotsoldpgfsupp_p
gfkeysfiltered.code.tex
\pgfkeys@tmptoks=\toks49
))
(C:\PortableTEX\MiKTeX\tex\generic\pgfplots\oldpgfcompatib\pgfplotsoldpgfsupp_p
gfmathfloat.code.tex
\c@pgfmathroundto@lastzeros=\count165
)
(C:\PortableTEX\MiKTeX\tex\generic\pgfplots\oldpgfcompatib\pgfplotsoldpgfsupp_p
gflibraryplothandlers.code.tex
File: pgflibraryplothandlers.code.tex 2012/09/11 v2.10 (rcs-revision 1.17)
\pgf@plot@mark@count=\count166
\pgfplotmarksize=\dimen198
)
(C:\PortableTEX\MiKTeX\tex\generic\pgfplots\oldpgfcompatib\pgfplotsoldpgfsupp_p
gflibraryfpu.code.tex)
(C:\PortableTEX\MiKTeX\tex\generic\pgfplots\oldpgfcompatib\pgfplotsoldpgfsupp_p
gfcorescopes.code.tex
File: pgfcorescopes.code.tex 2012/11/30  (rcs-revision 1.38)
\pgfpic=\box56
\pgf@hbox=\box57
\pgf@layerbox@main=\box58
\pgf@picture@serial@count=\count167
)
(C:\PortableTEX\MiKTeX\tex\generic\pgfplots\oldpgfcompatib\pgfplotsoldpgfsupp_p
gfcorelayers.code.tex
File: pgfcorelayers.code.tex 2012/11/07  (rcs-revision 1.5)
))
(C:\PortableTEX\MiKTeX\tex\generic\pgfplots\util\pgfplotsutil.code.tex
(C:\PortableTEX\MiKTeX\tex\generic\pgfplots\liststructure\pgfplotsliststructure
.code.tex)
(C:\PortableTEX\MiKTeX\tex\generic\pgfplots\liststructure\pgfplotsliststructure
ext.code.tex)
(C:\PortableTEX\MiKTeX\tex\generic\pgfplots\liststructure\pgfplotsarray.code.te
x
\c@pgfplotsarray@tmp=\count168
)
(C:\PortableTEX\MiKTeX\tex\generic\pgfplots\liststructure\pgfplotsmatrix.code.t
ex)
(C:\PortableTEX\MiKTeX\tex\generic\pgfplots\numtable\pgfplotstableshared.code.t
ex
\c@pgfplotstable@counta=\count169
\t@pgfplotstable@a=\toks50
)
(C:\PortableTEX\MiKTeX\tex\generic\pgfplots\liststructure\pgfplotsdeque.code.te
x) (C:\PortableTEX\MiKTeX\tex\generic\pgfplots\util\pgfplotsbinary.code.tex
(C:\PortableTEX\MiKTeX\tex\generic\pgfplots\util\pgfplotsbinary.data.code.tex))
(C:\PortableTEX\MiKTeX\tex\generic\pgfplots\util\pgfplotsutil.verb.code.tex)
(C:\PortableTEX\MiKTeX\tex\generic\pgfplots\libs\pgflibrarypgfplots.surfshading
.code.tex
\c@pgfplotslibrarysurf@no=\count170

(C:\PortableTEX\MiKTeX\tex\generic\pgfplots\sys\pgflibrarypgfplots.surfshading.
pgfsys-pdftex.def)))
(C:\PortableTEX\MiKTeX\tex\generic\pgfplots\util\pgfplotscolormap.code.tex
(C:\PortableTEX\MiKTeX\tex\generic\pgfplots\util\pgfplotscolor.code.tex))
(C:\PortableTEX\MiKTeX\tex\generic\pgfplots\pgfplotsstackedplots.code.tex)
(C:\PortableTEX\MiKTeX\tex\generic\pgfplots\pgfplotsplothandlers.code.tex
(C:\PortableTEX\MiKTeX\tex\generic\pgfplots\pgfplotsmeshplothandler.code.tex))
(C:\PortableTEX\MiKTeX\tex\generic\pgfplots\pgfplots.scaling.code.tex)
(C:\PortableTEX\MiKTeX\tex\generic\pgfplots\pgfplotscoordprocessing.code.tex)
(C:\PortableTEX\MiKTeX\tex\generic\pgfplots\pgfplotsticks.code.tex)
(C:\PortableTEX\MiKTeX\tex\generic\pgfplots\pgfplots.paths.code.tex)
(C:\PortableTEX\MiKTeX\tex\generic\pgf\frontendlayer\tikz\libraries\tikzlibrary
decorations.code.tex
(C:\PortableTEX\MiKTeX\tex\generic\pgf\modules\pgfmoduledecorations.code.tex
\pgfdecoratedcompleteddistance=\dimen199
\pgfdecoratedremainingdistance=\dimen200
\pgfdecoratedinputsegmentcompleteddistance=\dimen201
\pgfdecoratedinputsegmentremainingdistance=\dimen202
\pgf@decorate@distancetomove=\dimen203
\pgf@decorate@repeatstate=\count171
\pgfdecorationsegmentamplitude=\dimen204
\pgfdecorationsegmentlength=\dimen205
)
\tikz@lib@dec@box=\box59
)
(C:\PortableTEX\MiKTeX\tex\generic\pgf\frontendlayer\tikz\libraries\tikzlibrary
decorations.pathmorphing.code.tex
(C:\PortableTEX\MiKTeX\tex\generic\pgf\libraries\decorations\pgflibrarydecorati
ons.pathmorphing.code.tex))
(C:\PortableTEX\MiKTeX\tex\generic\pgf\frontendlayer\tikz\libraries\tikzlibrary
decorations.pathreplacing.code.tex
(C:\PortableTEX\MiKTeX\tex\generic\pgf\libraries\decorations\pgflibrarydecorati
ons.pathreplacing.code.tex))
\pgfplots@numplots=\count172
\pgfplots@xmin@reg=\dimen206
\pgfplots@xmax@reg=\dimen207
\pgfplots@ymin@reg=\dimen208
\pgfplots@ymax@reg=\dimen209
\pgfplots@zmin@reg=\dimen210
\pgfplots@zmax@reg=\dimen211
)
(C:\PortableTEX\MiKTeX\tex\generic\pgf\frontendlayer\tikz\libraries\tikzlibrary
plotmarks.code.tex
File: tikzlibraryplotmarks.code.tex 2008/01/09 v2.10 (rcs-revision 1.1)

(C:\PortableTEX\MiKTeX\tex\generic\pgf\libraries\pgflibraryplotmarks.code.tex
File: pgflibraryplotmarks.code.tex 2010/10/15 v2.10 (rcs-revision 1.12)
)))
\c@sli=\count173


Package hyperref Warning: Token not allowed in a PDF string (Unicode):
(hyperref)                removing `\\' on input line 32.


(C:\Users\Artur_Nizamutdinov\Documents\Diploma\Coursework\example\CourseworkPre
sentation.aux)
LaTeX Font Info:    Checking defaults for OML/cmm/m/it on input line 41.
LaTeX Font Info:    ... okay on input line 41.
LaTeX Font Info:    Checking defaults for T1/cmr/m/n on input line 41.
LaTeX Font Info:    ... okay on input line 41.
LaTeX Font Info:    Checking defaults for OT1/cmr/m/n on input line 41.
LaTeX Font Info:    ... okay on input line 41.
LaTeX Font Info:    Checking defaults for OMS/cmsy/m/n on input line 41.
LaTeX Font Info:    ... okay on input line 41.
LaTeX Font Info:    Checking defaults for OMX/cmex/m/n on input line 41.
LaTeX Font Info:    ... okay on input line 41.
LaTeX Font Info:    Checking defaults for U/cmr/m/n on input line 41.
LaTeX Font Info:    ... okay on input line 41.
LaTeX Font Info:    Checking defaults for PD1/pdf/m/n on input line 41.
LaTeX Font Info:    ... okay on input line 41.
LaTeX Font Info:    Checking defaults for PU/pdf/m/n on input line 41.
LaTeX Font Info:    ... okay on input line 41.
LaTeX Font Info:    Checking defaults for T2A/cmr/m/n on input line 41.
LaTeX Font Info:    Try loading font information for T2A+cmr on input line 41.
 (C:\PortableTEX\MiKTeX\tex\latex\cyrillic\t2acmr.fd
File: t2acmr.fd 2001/08/11 v1.0a Computer Modern Cyrillic font definitions
)
LaTeX Font Info:    ... okay on input line 41.

*geometry* driver: auto-detecting
*geometry* detected driver: pdftex
*geometry* verbose mode - [ preamble ] result:
* driver: pdftex
* paper: custom
* layout: <same size as paper>
* layoutoffset:(h,v)=(0.0pt,0.0pt)
* modes: includehead includefoot 
* h-part:(L,W,R)=(28.45274pt, 307.28987pt, 28.45274pt)
* v-part:(T,H,B)=(0.0pt, 273.14662pt, 0.0pt)
* \paperwidth=364.19536pt
* \paperheight=273.14662pt
* \textwidth=307.28987pt
* \textheight=244.6939pt
* \oddsidemargin=-43.81725pt
* \evensidemargin=-43.81725pt
* \topmargin=-72.26999pt
* \headheight=14.22636pt
* \headsep=0.0pt
* \topskip=11.0pt
* \footskip=14.22636pt
* \marginparwidth=4.0pt
* \marginparsep=10.0pt
* \columnsep=10.0pt
* \skip\footins=10.0pt plus 4.0pt minus 2.0pt
* \hoffset=0.0pt
* \voffset=0.0pt
* \mag=1000
* \@twocolumnfalse
* \@twosidefalse
* \@mparswitchfalse
* \@reversemarginfalse
* (1in=72.27pt=25.4mm, 1cm=28.453pt)

(C:\PortableTEX\MiKTeX\tex\context\base\supp-pdf.mkii
[Loading MPS to PDF converter (version 2006.09.02).]
\scratchcounter=\count174
\scratchdimen=\dimen212
\scratchbox=\box60
\nofMPsegments=\count175
\nofMParguments=\count176
\everyMPshowfont=\toks51
\MPscratchCnt=\count177
\MPscratchDim=\dimen213
\MPnumerator=\count178
\makeMPintoPDFobject=\count179
\everyMPtoPDFconversion=\toks52
) ABD: EveryShipout initializing macros
\AtBeginShipoutBox=\box61
Package hyperref Info: Link coloring OFF on input line 41.

(C:\PortableTEX\MiKTeX\tex\latex\hyperref\nameref.sty
Package: nameref 2012/10/27 v2.43 Cross-referencing by name of section

(C:\PortableTEX\MiKTeX\tex\generic\oberdiek\gettitlestring.sty
Package: gettitlestring 2010/12/03 v1.4 Cleanup title references (HO)
)
\c@section@level=\count180
)
LaTeX Info: Redefining \ref on input line 41.
LaTeX Info: Redefining \pageref on input line 41.
LaTeX Info: Redefining \nameref on input line 41.

(C:\Users\Artur_Nizamutdinov\Documents\Diploma\Coursework\example\CourseworkPre
sentation.out)
(C:\Users\Artur_Nizamutdinov\Documents\Diploma\Coursework\example\CourseworkPre
sentation.out)
\@outlinefile=\write5

(C:\PortableTEX\MiKTeX\tex\latex\beamer\base\translator\dicts\translator-basic-
dictionary\translator-basic-dictionary-English.dict
Dictionary: translator-basic-dictionary, Language: English 
)
(C:\PortableTEX\MiKTeX\tex\latex\beamer\base\translator\dicts\translator-biblio
graphy-dictionary\translator-bibliography-dictionary-English.dict
Dictionary: translator-bibliography-dictionary, Language: English 
)
(C:\PortableTEX\MiKTeX\tex\latex\beamer\base\translator\dicts\translator-enviro
nment-dictionary\translator-environment-dictionary-English.dict
Dictionary: translator-environment-dictionary, Language: English 
)
(C:\PortableTEX\MiKTeX\tex\latex\beamer\base\translator\dicts\translator-months
-dictionary\translator-months-dictionary-English.dict
Dictionary: translator-months-dictionary, Language: English 
)
(C:\PortableTEX\MiKTeX\tex\latex\beamer\base\translator\dicts\translator-number
s-dictionary\translator-numbers-dictionary-English.dict
Dictionary: translator-numbers-dictionary, Language: English 
)
(C:\PortableTEX\MiKTeX\tex\latex\beamer\base\translator\dicts\translator-theore
m-dictionary\translator-theorem-dictionary-English.dict
Dictionary: translator-theorem-dictionary, Language: English 
)
LaTeX Info: Redefining \includegraphics on input line 41.


Package pgfplots Warning: running in backwards compatibility mode (unsuitable t
ick labels; missing features). Consider writing \pgfplotsset{compat=1.8} into y
our preamble.
 on input line 41.


(C:\Users\Artur_Nizamutdinov\Documents\Diploma\Coursework\example\CourseworkPre
sentation.nav)

LaTeX Font Warning: Font shape `T2A/cmss/bx/n' in size <4> not available
(Font)              size <5> substituted on input line 46.


LaTeX Font Warning: Font shape `T2A/cmss/m/n' in size <4> not available
(Font)              size <5> substituted on input line 46.

[1

{C:/PortableTEX/MiKTeX/pdftex/config/pdftex.map}] [2

]
LaTeX Font Info:    Try loading font information for U+msa on input line 71.

(C:\PortableTEX\MiKTeX\tex\latex\amsfonts\umsa.fd
File: umsa.fd 2009/06/22 v3.00 AMS symbols A
)
LaTeX Font Info:    Try loading font information for U+msb on input line 71.

(C:\PortableTEX\MiKTeX\tex\latex\amsfonts\umsb.fd
File: umsb.fd 2009/06/22 v3.00 AMS symbols B
) [3

] [4

]
<antich_evklid.png, id=132, 264.99pt x 440.39531pt>
File: antich_evklid.png Graphic file (type png)
 <use antich_evklid.png>
Package pdftex.def Info: antich_evklid.png used on input line 93.
(pdftex.def)             Requested size: 128.0374pt x 212.7918pt.

[5

 <C:/Users/Artur_Nizamutdinov/Documents/Diploma/Coursework/example/antich_evkli
d.png>] <evklid.png, id=160, 266.49562pt x 436.63126pt>
File: evklid.png Graphic file (type png)
 <use evklid.png>
Package pdftex.def Info: evklid.png used on input line 101.
(pdftex.def)             Requested size: 128.0374pt x 209.78049pt.

[6

 <C:/Users/Artur_Nizamutdinov/Documents/Diploma/Coursework/example/evklid.png>]
 <perebor.png, id=187, 316.18124pt x 514.92375pt>
File: perebor.png Graphic file (type png)
 <use perebor.png>
Package pdftex.def Info: perebor.png used on input line 109.
(pdftex.def)             Requested size: 128.0374pt x 208.5194pt.
 [7

 <C:/Users/Artur_Nizamutdinov/Documents/Diploma/Coursework/example/perebor.png>
]
<binar.png, id=214, 682.80093pt x 541.27219pt>
File: binar.png Graphic file (type png)
 <use binar.png>
Package pdftex.def Info: binar.png used on input line 117.
(pdftex.def)             Requested size: 256.0748pt x 203.00134pt.
 [8

 <C:/Users/Artur_Nizamutdinov/Documents/Diploma/Coursework/example/binar.png>]
<alg2.png, id=240, 655.69969pt x 443.40656pt>
File: alg2.png Graphic file (type png)
 <use alg2.png>
Package pdftex.def Info: alg2.png used on input line 128.
(pdftex.def)             Requested size: 298.75394pt x 202.0277pt.
 [9

 <C:/Users/Artur_Nizamutdinov/Documents/Diploma/Coursework/example/alg2.png>] [
10

] [11

]
\tf@nav=\write6
\tf@toc=\write7
\tf@snm=\write8
Package atveryend Info: Empty hook `BeforeClearDocument' on input line 191.
Package atveryend Info: Empty hook `AfterLastShipout' on input line 191.

(C:\Users\Artur_Nizamutdinov\Documents\Diploma\Coursework\example\CourseworkPre
sentation.aux)
Package atveryend Info: Executing hook `AtVeryEndDocument' on input line 191.
Package atveryend Info: Executing hook `AtEndAfterFileList' on input line 191.
Package rerunfilecheck Info: File `CourseworkPresentation.out' has not changed.

(rerunfilecheck)             Checksum: D41D8CD98F00B204E9800998ECF8427E;0.


LaTeX Font Warning: Size substitutions with differences
(Font)              up to 1.0pt have occurred.

Package atveryend Info: Empty hook `AtVeryVeryEnd' on input line 191.
 ) 
Here is how much of TeX's memory you used:
 29022 strings out of 493921
 621163 string characters out of 3149748
 787601 words of memory out of 3000000
 31674 multiletter control sequences out of 15000+200000
 15055 words of font info for 37 fonts, out of 3000000 for 9000
 841 hyphenation exceptions out of 8191
 50i,14n,74p,719b,648s stack positions out of 5000i,500n,10000p,200000b,50000s
 <C:\PortableTEX\MiKTeX\fonts\pk\ljfour\lh\lh-t2a\dpi600\lass1728.pk> <C:\Por
tableTEX\MiKTeX\fonts\pk\ljfour\lh\lh-t2a\dpi600\lass1200.pk> <C:\PortableTEX\M
iKTeX\fonts\pk\ljfour\lh\lh-t2a\dpi600\lasx0600.pk> <C:\PortableTEX\MiKTeX\font
s\pk\ljfour\lh\lh-t2a\dpi600\lass1095.pk> <C:\PortableTEX\MiKTeX\fonts\pk\ljfou
r\lh\lh-t2a\dpi600\lass1440.pk><C:/PortableTEX/MiKTeX/fonts/type1/public/amsfon
ts/cm/cmmi12.pfb><C:/PortableTEX/MiKTeX/fonts/type1/public/amsfonts/cm/cmr12.pf
b>
Output written on CourseworkPresentation.pdf (11 pages, 244294 bytes).
PDF statistics:
 524 PDF objects out of 1000 (max. 8388607)
 23 named destinations out of 1000 (max. 500000)
 104 words of extra memory for PDF output out of 10000 (max. 10000000)

