\BOOKMARK [1][-]{section*.1}{\376\377\004\022\004\022\004\025\004\024\004\025\004\035\004\030\004\025}{}% 1
\BOOKMARK [1][-]{section.1}{\376\377\004\032\004\100\004\060\004\102\004\072\004\076\004\065\000\040\004\076\004\077\004\070\004\101\004\060\004\075\004\070\004\065\000\040\004\060\004\100\004\105\004\070\004\102\004\065\004\072\004\102\004\103\004\100\004\113\000\040\000N\000o\000d\000e\000J\000S}{}% 2
\BOOKMARK [1][-]{section.2}{\376\377\004\032\004\100\004\060\004\102\004\072\004\076\004\065\000\040\004\076\004\077\004\070\004\101\004\060\004\075\004\070\004\065\000\040\004\060\004\100\004\105\004\070\004\102\004\065\004\072\004\102\004\103\004\100\004\113\000\040\000N\000G\000I\000N\000X}{}% 3
\BOOKMARK [2][-]{subsection.2.1}{\376\377\004\035\004\065\004\101\004\072\004\076\004\073\004\114\004\072\004\076\000\040\004\101\004\073\004\076\004\062\000\040\004\076\000\040\004\062\004\060\004\066\004\075\004\076\004\101\004\102\004\070\000\040\004\060\004\100\004\105\004\070\004\102\004\065\004\072\004\102\004\103\004\100\004\113}{section.2}% 4
\BOOKMARK [2][-]{subsection.2.2}{\376\377\004\036\004\101\004\075\004\076\004\062\004\075\004\113\004\065\000\040\004\074\004\076\004\074\004\065\004\075\004\102\004\113\000\040\004\100\004\060\004\061\004\076\004\102\004\113\000\040\000N\000G\000I\000N\000X}{section.2}% 5
\BOOKMARK [2][-]{subsection.2.3}{\376\377\004\022\004\075\004\103\004\102\004\100\004\070\000\040\004\100\004\060\004\061\004\076\004\107\004\065\004\063\004\076\000\040\004\077\004\100\004\076\004\106\004\065\004\101\004\101\004\060}{section.2}% 6
\BOOKMARK [2][-]{subsection.2.4}{\376\377\004\043\004\101\004\102\004\100\004\076\004\071\004\101\004\102\004\062\004\076\000\040\004\072\004\076\004\075\004\065\004\107\004\075\004\076\004\063\004\076\000\040\004\060\004\062\004\102\004\076\004\074\004\060\004\102\004\060}{section.2}% 7
\BOOKMARK [2][-]{subsection.2.5}{\376\377\004\021\004\073\004\076\004\072\004\070\004\100\004\103\004\116\004\111\004\070\004\071\004\101\004\117\000\040\004\072\004\076\004\075\004\065\004\107\004\075\004\113\004\071\000\040\004\060\004\062\004\102\004\076\004\074\004\060\004\102}{section.2}% 8
\BOOKMARK [1][-]{section.3}{\376\377\004\041\004\077\004\076\004\101\004\076\004\061\004\113\000\040\004\060\004\101\004\070\004\075\004\105\004\100\004\076\004\075\004\075\004\076\004\063\004\076\000\040\004\076\004\061\004\074\004\065\004\075\004\060\000\040\004\064\004\060\004\075\004\075\004\113\004\074\004\070\000\040\004\101\000\040\004\101\004\065\004\100\004\062\004\065\004\100\004\076\004\074}{}% 9
\BOOKMARK [2][-]{subsection.3.1}{\376\377\000W\000e\000b\000S\000o\000c\000k\000e\000t}{section.3}% 10
\BOOKMARK [3][-]{subsubsection.3.1.1}{\376\377\004\043\004\101\004\102\004\060\004\075\004\076\004\062\004\073\004\065\004\075\004\070\004\065\000\040\000W\000e\000b\000S\000o\000c\000k\000e\000t\000\040\004\101\004\076\004\065\004\064\004\070\004\075\004\065\004\075\004\070\004\117}{subsection.3.1}% 11
\BOOKMARK [3][-]{subsubsection.3.1.2}{\376\377\004\036\004\104\004\076\004\100\004\074\004\073\004\065\004\075\004\070\004\065\000\040\004\070\000\040\004\077\004\065\004\100\004\065\004\064\004\060\004\107\004\060\000\040\004\064\004\060\004\075\004\075\004\113\004\105\000\040\004\101\000\040\004\070\004\101\004\077\004\076\004\073\004\114\004\067\004\076\004\062\004\060\004\075\004\070\004\065\004\074\000\040\000W\000e\000b\000S\000o\000c\000k\000e\000t\000\040\004\077\004\100\004\076\004\102\004\076\004\072\004\076\004\073\004\060}{subsection.3.1}% 12
\BOOKMARK [3][-]{subsubsection.3.1.3}{\376\377\004\027\004\060\004\072\004\100\004\113\004\102\004\070\004\065\000\040\000W\000e\000b\000S\000o\000c\000k\000e\000t\000\040\004\101\004\076\004\065\004\064\004\070\004\075\004\065\004\075\004\070\004\117}{subsection.3.1}% 13
\BOOKMARK [2][-]{subsection.3.2}{\376\377\000C\000o\000m\000e\000t}{section.3}% 14
\BOOKMARK [2][-]{subsection.3.3}{\376\377\000I\000F\000r\000a\000m\000e}{section.3}% 15
\BOOKMARK [3][-]{subsubsection.3.3.1}{\376\377\004\036\004\061\004\111\004\060\004\117\000\040\004\101\004\105\004\065\004\074\004\060\000\040\004\100\004\060\004\061\004\076\004\102\004\113}{subsection.3.3}% 16
\BOOKMARK [2][-]{subsection.3.4}{\376\377\000J\000S\000O\000N\000P}{section.3}% 17
\BOOKMARK [3][-]{subsubsection.3.4.1}{\376\377\004\036\004\061\004\111\004\060\004\117\000\040\004\101\004\105\004\065\004\074\004\060\000\040\004\100\004\060\004\061\004\076\004\102\004\113}{subsection.3.4}% 18
\BOOKMARK [1][-]{section.4}{\376\377\004\036\004\077\004\070\004\101\004\060\004\075\004\070\004\065\000\040\004\060\004\100\004\105\004\070\004\102\004\065\004\072\004\102\004\103\004\100\004\113\000\040\004\077\004\100\004\070\004\073\004\076\004\066\004\065\004\075\004\070\004\117}{}% 19
\BOOKMARK [2][-]{subsection.4.1}{\376\377\004\046\004\070\004\072\004\073\000\040\004\100\004\060\004\061\004\076\004\102\004\113\000\040\004\077\004\100\004\070\004\073\004\076\004\066\004\065\004\075\004\070\004\117}{section.4}% 20
\BOOKMARK [1][-]{section.5}{\376\377\004\035\004\060\004\063\004\100\004\103\004\067\004\076\004\107\004\075\004\076\004\065\000\040\004\102\004\065\004\101\004\102\004\070\004\100\004\076\004\062\004\060\004\075\004\070\004\065\000\040\000C\000o\000m\000e\000t\000\040\004\070\000\040\000W\000e\000b\000S\000o\000c\000k\000e\000t\000\040\004\101\004\076\004\065\004\064\004\070\004\075\004\065\004\075\004\070\004\071}{}% 21
\BOOKMARK [1][-]{section.6}{\376\377\004\027\004\060\004\072\004\073\004\116\004\107\004\065\004\075\004\070\004\065}{}% 22
\BOOKMARK [1][-]{section*.6}{\376\377\004\041\004\037\004\030\004\041\004\036\004\032\000\040\004\030\004\041\004\037\004\036\004\033\004\054\004\027\004\036\004\022\004\020\004\035\004\035\004\053\004\045\000\040\004\030\004\041\004\042\004\036\004\047\004\035\004\030\004\032\004\036\004\022}{}% 23
\BOOKMARK [1][-]{appendix.A}{\376\377\004\033\004\070\004\101\004\102\004\070\004\075\004\063\000\040\000C\000o\000m\000e\000t\000\040\004\101\004\065\004\100\004\062\004\065\004\100\004\060\000,\000\040\004\075\004\060\004\077\004\070\004\101\004\060\004\075\004\075\004\076\004\063\004\076\000\040\004\075\004\060\000\040\000J\000a\000v\000a\000S\000c\000r\000i\000p\000t}{}% 24
\BOOKMARK [1][-]{appendix.B}{\376\377\004\033\004\070\004\101\004\102\004\070\004\075\004\063\000\040\000W\000e\000b\000S\000o\000c\000k\000e\000t\000\040\004\101\004\065\004\100\004\062\004\065\004\100\004\060\000,\000\040\004\075\004\060\004\077\004\070\004\101\004\060\004\075\004\075\004\076\004\063\004\076\000\040\004\075\004\060\000\040\000J\000a\000v\000a\000S\000c\000r\000i\000p\000t}{}% 25
\BOOKMARK [1][-]{appendix.C}{\376\377\004\033\004\070\004\101\004\102\004\070\004\075\004\063\000\040\000S\000t\000a\000t\000i\000c\000\040\004\101\004\065\004\100\004\062\004\065\004\100\004\060\000,\000\040\004\075\004\060\004\077\004\070\004\101\004\060\004\075\004\075\004\076\004\063\004\076\000\040\004\075\004\060\000\040\000J\000a\000v\000a\000S\000c\000r\000i\000p\000t}{}% 26
\BOOKMARK [1][-]{appendix.D}{\376\377\004\033\004\070\004\101\004\102\004\070\004\075\004\063\000\040\000M\000e\000s\000s\000a\000g\000i\000n\000g\000\040\004\101\004\065\004\100\004\062\004\070\004\101\004\060\000,\000\040\004\075\004\060\004\077\004\070\004\101\004\060\004\075\004\075\004\076\004\063\004\076\000\040\004\075\004\060\000\040\000J\000a\000v\000a\000S\000c\000r\000i\000p\000t}{}% 27
\BOOKMARK [1][-]{appendix.E}{\376\377\004\033\004\070\004\101\004\102\004\070\004\075\004\063\000\040\004\101\000\040\004\072\004\076\004\064\004\076\004\074\000\040\004\064\004\073\004\117\000\040\000G\000u\000l\000p\000\040\000t\000a\000s\000k\000\040\000r\000u\000n\000n\000e\000r\000,\000\040\004\075\004\060\004\077\004\070\004\101\004\060\004\075\004\075\004\076\004\063\004\076\000\040\004\075\004\060\000\040\000J\000a\000v\000a\000S\000c\000r\000i\000p\000t}{}% 28
\BOOKMARK [1][-]{appendix.F}{\376\377\004\032\004\076\004\075\004\104\004\070\004\063\004\103\004\100\004\060\004\106\004\070\004\076\004\075\004\075\004\113\004\071\000\040\004\104\004\060\004\071\004\073\000\040\000N\000G\000I\000N\000X}{}% 29
